<?xml version="1.0" encoding="UTF-8"?>
<testng-results skipped="0" failed="0" ignored="1" total="4" passed="3">
  <reporter-output>
  </reporter-output>
  <suite name="Suite" duration-ms="111" started-at="2018-11-05T03:40:47Z" finished-at="2018-11-05T03:40:47Z">
    <groups>
      <group name="sanitySuite">
        <method signature="GroupONConcept.test2()[pri:0, instance:tests.GroupONConcept@396a51ab]" name="test2" class="tests.GroupONConcept"/>
        <method signature="GroupONConcept.test1()[pri:0, instance:tests.GroupONConcept@55f3ddb1]" name="test1" class="tests.GroupONConcept"/>
        <method signature="GroupONConcept.test2()[pri:0, instance:tests.GroupONConcept@55f3ddb1]" name="test2" class="tests.GroupONConcept"/>
      </group> <!-- sanitySuite -->
      <group name="regressionSuite">
        <method signature="GroupONConcept.test2()[pri:0, instance:tests.GroupONConcept@396a51ab]" name="test2" class="tests.GroupONConcept"/>
        <method signature="GroupONConcept.test2()[pri:0, instance:tests.GroupONConcept@55f3ddb1]" name="test2" class="tests.GroupONConcept"/>
      </group> <!-- regressionSuite -->
    </groups>
    <test name="Test" duration-ms="56" started-at="2018-11-05T03:40:47Z" finished-at="2018-11-05T03:40:47Z">
      <class name="tests.GroupONConcept">
        <test-method status="PASS" signature="test2()[pri:0, instance:tests.GroupONConcept@396a51ab]" name="test2" duration-ms="15" started-at="2018-11-04T22:40:47Z" finished-at="2018-11-04T22:40:47Z">
          <reporter-output>
          </reporter-output>
        </test-method> <!-- test2 -->
      </class> <!-- tests.GroupONConcept -->
    </test> <!-- Test -->
    <test name="Test1" duration-ms="10" started-at="2018-11-05T03:40:47Z" finished-at="2018-11-05T03:40:47Z">
      <class name="tests.GroupONConcept">
        <test-method status="PASS" signature="test1()[pri:0, instance:tests.GroupONConcept@55f3ddb1]" name="test1" duration-ms="2" started-at="2018-11-04T22:40:47Z" finished-at="2018-11-04T22:40:47Z">
          <reporter-output>
          </reporter-output>
        </test-method> <!-- test1 -->
        <test-method status="PASS" signature="test2()[pri:0, instance:tests.GroupONConcept@55f3ddb1]" name="test2" duration-ms="2" started-at="2018-11-04T22:40:47Z" finished-at="2018-11-04T22:40:47Z">
          <reporter-output>
          </reporter-output>
        </test-method> <!-- test2 -->
      </class> <!-- tests.GroupONConcept -->
    </test> <!-- Test1 -->
  </suite> <!-- Suite -->
</testng-results>
